[0.821s] DEBUG:colcon:Command line arguments: ['/usr/bin/colcon', 'build', '--symlink-install']
[0.821s] DEBUG:colcon:Parsed command line arguments: Namespace(ament_cmake_args=None, base_paths='.', build_base='build', catkin_cmake_args=None, catkin_skip_building_tests=False, cmake_args=None, cmake_clean_cache=False, cmake_clean_first=False, cmake_force_configure=False, cmake_target=None, cmake_target_skip_unavailable=False, continue_on_error=False, event_handlers=None, executor='parallel', ignore_user_meta=False, install_base='install', log_base='log', log_level=None, main=<bound method BuildVerb.main of <colcon_core.verb.build.BuildVerb object at 0x7f0297b91e48>>, merge_install=False, metas='./colcon.meta', packages_above=None, packages_above_depth=None, packages_end=None, packages_ignore=None, packages_ignore_regex=None, packages_select=None, packages_select_build_failed=False, packages_select_by_dep=None, packages_select_regex=None, packages_select_test_failures=False, packages_skip=None, packages_skip_build_finished=False, packages_skip_by_dep=None, packages_skip_regex=None, packages_skip_test_passed=False, packages_skip_up_to=None, packages_start=None, packages_up_to=None, parallel_workers=2, paths=None, symlink_install=True, test_result_base=None, verb_extension=<colcon_core.verb.build.BuildVerb object at 0x7f0297b91e48>, verb_name='build', verb_parser=<colcon_defaults.argument_parser.defaults.DefaultArgumentsDecorator object at 0x7f0297b1f198>)
[1.018s] Level 1:colcon.colcon_core.package_discovery:discover_packages(colcon_meta) check parameters
[1.018s] Level 1:colcon.colcon_core.package_discovery:discover_packages(recursive) check parameters
[1.018s] Level 1:colcon.colcon_core.package_discovery:discover_packages(ignore) check parameters
[1.018s] Level 1:colcon.colcon_core.package_discovery:discover_packages(path) check parameters
[1.018s] Level 1:colcon.colcon_core.package_discovery:discover_packages(recursive) discover
[1.019s] INFO:colcon.colcon_core.package_discovery:Crawling recursively for packages in '/home/luis/Documents/ros2_examples/ros2_demo_py/ros2_demo_py'
[1.019s] Level 1:colcon.colcon_core.package_identification:_identify(/home/luis/Documents/ros2_examples/ros2_demo_py/ros2_demo_py) by extensions ['ignore', 'ignore_ament_install']
[1.020s] Level 1:colcon.colcon_core.package_identification:_identify(/home/luis/Documents/ros2_examples/ros2_demo_py/ros2_demo_py) by extension 'ignore'
[1.020s] Level 1:colcon.colcon_core.package_identification:_identify(/home/luis/Documents/ros2_examples/ros2_demo_py/ros2_demo_py) by extension 'ignore_ament_install'
[1.021s] Level 1:colcon.colcon_core.package_identification:_identify(/home/luis/Documents/ros2_examples/ros2_demo_py/ros2_demo_py) by extensions ['colcon_pkg']
[1.021s] Level 1:colcon.colcon_core.package_identification:_identify(/home/luis/Documents/ros2_examples/ros2_demo_py/ros2_demo_py) by extension 'colcon_pkg'
[1.021s] Level 1:colcon.colcon_core.package_identification:_identify(/home/luis/Documents/ros2_examples/ros2_demo_py/ros2_demo_py) by extensions ['colcon_meta']
[1.021s] Level 1:colcon.colcon_core.package_identification:_identify(/home/luis/Documents/ros2_examples/ros2_demo_py/ros2_demo_py) by extension 'colcon_meta'
[1.021s] Level 1:colcon.colcon_core.package_identification:_identify(/home/luis/Documents/ros2_examples/ros2_demo_py/ros2_demo_py) by extensions ['ros']
[1.022s] Level 1:colcon.colcon_core.package_identification:_identify(/home/luis/Documents/ros2_examples/ros2_demo_py/ros2_demo_py) by extension 'ros'
[1.100s] Level 1:colcon.colcon_core.package_identification:_identify(/home/luis/Documents/ros2_examples/ros2_demo_py/ros2_demo_py) by extensions ['cmake', 'python']
[1.100s] Level 1:colcon.colcon_core.package_identification:_identify(/home/luis/Documents/ros2_examples/ros2_demo_py/ros2_demo_py) by extension 'cmake'
[1.101s] Level 1:colcon.colcon_core.package_identification:_identify(/home/luis/Documents/ros2_examples/ros2_demo_py/ros2_demo_py) by extension 'python'
[1.101s] Level 1:colcon.colcon_core.package_identification:_identify(/home/luis/Documents/ros2_examples/ros2_demo_py/ros2_demo_py) by extensions ['python_setup_py']
[1.101s] Level 1:colcon.colcon_core.package_identification:_identify(/home/luis/Documents/ros2_examples/ros2_demo_py/ros2_demo_py) by extension 'python_setup_py'
[1.102s] Level 1:colcon.colcon_core.package_identification:_identify(/home/luis/Documents/ros2_examples/ros2_demo_py/ros2_demo_py/__pycache__) by extensions ['ignore', 'ignore_ament_install']
[1.102s] Level 1:colcon.colcon_core.package_identification:_identify(/home/luis/Documents/ros2_examples/ros2_demo_py/ros2_demo_py/__pycache__) by extension 'ignore'
[1.102s] Level 1:colcon.colcon_core.package_identification:_identify(/home/luis/Documents/ros2_examples/ros2_demo_py/ros2_demo_py/__pycache__) by extension 'ignore_ament_install'
[1.102s] Level 1:colcon.colcon_core.package_identification:_identify(/home/luis/Documents/ros2_examples/ros2_demo_py/ros2_demo_py/__pycache__) by extensions ['colcon_pkg']
[1.102s] Level 1:colcon.colcon_core.package_identification:_identify(/home/luis/Documents/ros2_examples/ros2_demo_py/ros2_demo_py/__pycache__) by extension 'colcon_pkg'
[1.102s] Level 1:colcon.colcon_core.package_identification:_identify(/home/luis/Documents/ros2_examples/ros2_demo_py/ros2_demo_py/__pycache__) by extensions ['colcon_meta']
[1.102s] Level 1:colcon.colcon_core.package_identification:_identify(/home/luis/Documents/ros2_examples/ros2_demo_py/ros2_demo_py/__pycache__) by extension 'colcon_meta'
[1.102s] Level 1:colcon.colcon_core.package_identification:_identify(/home/luis/Documents/ros2_examples/ros2_demo_py/ros2_demo_py/__pycache__) by extensions ['ros']
[1.103s] Level 1:colcon.colcon_core.package_identification:_identify(/home/luis/Documents/ros2_examples/ros2_demo_py/ros2_demo_py/__pycache__) by extension 'ros'
[1.103s] Level 1:colcon.colcon_core.package_identification:_identify(/home/luis/Documents/ros2_examples/ros2_demo_py/ros2_demo_py/__pycache__) by extensions ['cmake', 'python']
[1.103s] Level 1:colcon.colcon_core.package_identification:_identify(/home/luis/Documents/ros2_examples/ros2_demo_py/ros2_demo_py/__pycache__) by extension 'cmake'
[1.103s] Level 1:colcon.colcon_core.package_identification:_identify(/home/luis/Documents/ros2_examples/ros2_demo_py/ros2_demo_py/__pycache__) by extension 'python'
[1.103s] Level 1:colcon.colcon_core.package_identification:_identify(/home/luis/Documents/ros2_examples/ros2_demo_py/ros2_demo_py/__pycache__) by extensions ['python_setup_py']
[1.103s] Level 1:colcon.colcon_core.package_identification:_identify(/home/luis/Documents/ros2_examples/ros2_demo_py/ros2_demo_py/__pycache__) by extension 'python_setup_py'
[1.103s] Level 1:colcon.colcon_core.package_identification:_identify(/home/luis/Documents/ros2_examples/ros2_demo_py/ros2_demo_py/build) by extensions ['ignore', 'ignore_ament_install']
[1.104s] Level 1:colcon.colcon_core.package_identification:_identify(/home/luis/Documents/ros2_examples/ros2_demo_py/ros2_demo_py/build) by extension 'ignore'
[1.104s] Level 1:colcon.colcon_core.package_identification:_identify(/home/luis/Documents/ros2_examples/ros2_demo_py/ros2_demo_py/build) ignored
[1.104s] Level 1:colcon.colcon_core.package_identification:_identify(/home/luis/Documents/ros2_examples/ros2_demo_py/ros2_demo_py/install) by extensions ['ignore', 'ignore_ament_install']
[1.104s] Level 1:colcon.colcon_core.package_identification:_identify(/home/luis/Documents/ros2_examples/ros2_demo_py/ros2_demo_py/install) by extension 'ignore'
[1.104s] Level 1:colcon.colcon_core.package_identification:_identify(/home/luis/Documents/ros2_examples/ros2_demo_py/ros2_demo_py/install) ignored
[1.105s] Level 1:colcon.colcon_core.package_identification:_identify(/home/luis/Documents/ros2_examples/ros2_demo_py/ros2_demo_py/log) by extensions ['ignore', 'ignore_ament_install']
[1.105s] Level 1:colcon.colcon_core.package_identification:_identify(/home/luis/Documents/ros2_examples/ros2_demo_py/ros2_demo_py/log) by extension 'ignore'
[1.105s] Level 1:colcon.colcon_core.package_identification:_identify(/home/luis/Documents/ros2_examples/ros2_demo_py/ros2_demo_py/log) ignored
[1.106s] Level 1:colcon.colcon_core.package_discovery:discover_packages(recursive) using defaults
[1.123s] INFO:colcon.colcon_core.executor:Executing jobs using 'parallel' executor
[1.125s] DEBUG:colcon.colcon_parallel_executor.executor.parallel:run_until_complete
[1.125s] DEBUG:colcon.colcon_parallel_executor.executor.parallel:closing loop
[1.125s] DEBUG:colcon.colcon_parallel_executor.executor.parallel:loop closed
[1.125s] DEBUG:colcon.colcon_parallel_executor.executor.parallel:run_until_complete finished with '0'
[1.125s] DEBUG:colcon.colcon_core.event_reactor:joining thread
[1.147s] INFO:colcon.colcon_core.plugin_system:Skipping extension 'colcon_notification.desktop_notification.terminal_notifier': Not used on non-Darwin systems
[1.148s] INFO:colcon.colcon_core.plugin_system:Skipping extension 'colcon_notification.desktop_notification.win32': Not used on non-Windows systems
[1.148s] INFO:colcon.colcon_notification.desktop_notification:Sending desktop notification using 'notify2'
[1.157s] DEBUG:colcon.colcon_core.event_reactor:joined thread
[1.203s] INFO:colcon.colcon_core.plugin_system:Skipping extension 'colcon_core.shell.bat': Not used on non-Windows systems
[1.204s] INFO:colcon.colcon_core.shell:Creating prefix script '/home/luis/Documents/ros2_examples/ros2_demo_py/ros2_demo_py/install/local_setup.ps1'
[1.209s] INFO:colcon.colcon_core.shell:Creating prefix util module '/home/luis/Documents/ros2_examples/ros2_demo_py/ros2_demo_py/install/_local_setup_util_ps1.py'
[1.219s] INFO:colcon.colcon_core.shell:Creating prefix chain script '/home/luis/Documents/ros2_examples/ros2_demo_py/ros2_demo_py/install/setup.ps1'
[1.243s] INFO:colcon.colcon_core.shell:Creating prefix script '/home/luis/Documents/ros2_examples/ros2_demo_py/ros2_demo_py/install/local_setup.sh'
[1.246s] INFO:colcon.colcon_core.shell:Creating prefix util module '/home/luis/Documents/ros2_examples/ros2_demo_py/ros2_demo_py/install/_local_setup_util_sh.py'
[1.248s] INFO:colcon.colcon_core.shell:Creating prefix chain script '/home/luis/Documents/ros2_examples/ros2_demo_py/ros2_demo_py/install/setup.sh'
[1.251s] INFO:colcon.colcon_core.shell:Creating prefix script '/home/luis/Documents/ros2_examples/ros2_demo_py/ros2_demo_py/install/local_setup.bash'
[1.254s] INFO:colcon.colcon_core.shell:Creating prefix chain script '/home/luis/Documents/ros2_examples/ros2_demo_py/ros2_demo_py/install/setup.bash'
[1.259s] INFO:colcon.colcon_core.shell:Creating prefix script '/home/luis/Documents/ros2_examples/ros2_demo_py/ros2_demo_py/install/local_setup.zsh'
[1.263s] INFO:colcon.colcon_core.shell:Creating prefix chain script '/home/luis/Documents/ros2_examples/ros2_demo_py/ros2_demo_py/install/setup.zsh'
