[0.435s] DEBUG:colcon:Command line arguments: ['/usr/bin/colcon', 'build', '--symlink-install']
[0.435s] DEBUG:colcon:Parsed command line arguments: Namespace(ament_cmake_args=None, base_paths='.', build_base='build', catkin_cmake_args=None, catkin_skip_building_tests=False, cmake_args=None, cmake_clean_cache=False, cmake_clean_first=False, cmake_force_configure=False, cmake_target=None, cmake_target_skip_unavailable=False, continue_on_error=False, event_handlers=None, executor='parallel', ignore_user_meta=False, install_base='install', log_base='log', log_level=None, main=<bound method BuildVerb.main of <colcon_core.verb.build.BuildVerb object at 0x7fa02d71f9e8>>, merge_install=False, metas='./colcon.meta', packages_above=None, packages_above_depth=None, packages_end=None, packages_ignore=None, packages_ignore_regex=None, packages_select=None, packages_select_build_failed=False, packages_select_by_dep=None, packages_select_regex=None, packages_select_test_failures=False, packages_skip=None, packages_skip_build_finished=False, packages_skip_by_dep=None, packages_skip_regex=None, packages_skip_test_passed=False, packages_skip_up_to=None, packages_start=None, packages_up_to=None, parallel_workers=2, paths=None, symlink_install=True, test_result_base=None, verb_extension=<colcon_core.verb.build.BuildVerb object at 0x7fa02d71f9e8>, verb_name='build', verb_parser=<colcon_defaults.argument_parser.defaults.DefaultArgumentsDecorator object at 0x7fa02d71fcf8>)
[0.536s] Level 1:colcon.colcon_core.package_discovery:discover_packages(colcon_meta) check parameters
[0.536s] Level 1:colcon.colcon_core.package_discovery:discover_packages(recursive) check parameters
[0.536s] Level 1:colcon.colcon_core.package_discovery:discover_packages(ignore) check parameters
[0.537s] Level 1:colcon.colcon_core.package_discovery:discover_packages(path) check parameters
[0.537s] Level 1:colcon.colcon_core.package_discovery:discover_packages(recursive) discover
[0.537s] INFO:colcon.colcon_core.package_discovery:Crawling recursively for packages in '/home/luis/Documents/ros2_examples/ros2_demo_py'
[0.537s] Level 1:colcon.colcon_core.package_identification:_identify(/home/luis/Documents/ros2_examples/ros2_demo_py) by extensions ['ignore', 'ignore_ament_install']
[0.538s] Level 1:colcon.colcon_core.package_identification:_identify(/home/luis/Documents/ros2_examples/ros2_demo_py) by extension 'ignore'
[0.538s] Level 1:colcon.colcon_core.package_identification:_identify(/home/luis/Documents/ros2_examples/ros2_demo_py) by extension 'ignore_ament_install'
[0.538s] Level 1:colcon.colcon_core.package_identification:_identify(/home/luis/Documents/ros2_examples/ros2_demo_py) by extensions ['colcon_pkg']
[0.538s] Level 1:colcon.colcon_core.package_identification:_identify(/home/luis/Documents/ros2_examples/ros2_demo_py) by extension 'colcon_pkg'
[0.539s] Level 1:colcon.colcon_core.package_identification:_identify(/home/luis/Documents/ros2_examples/ros2_demo_py) by extensions ['colcon_meta']
[0.539s] Level 1:colcon.colcon_core.package_identification:_identify(/home/luis/Documents/ros2_examples/ros2_demo_py) by extension 'colcon_meta'
[0.539s] Level 1:colcon.colcon_core.package_identification:_identify(/home/luis/Documents/ros2_examples/ros2_demo_py) by extensions ['ros']
[0.539s] Level 1:colcon.colcon_core.package_identification:_identify(/home/luis/Documents/ros2_examples/ros2_demo_py) by extension 'ros'
[0.586s] DEBUG:colcon.colcon_core.package_identification:Package '/home/luis/Documents/ros2_examples/ros2_demo_py' with type 'ros.ament_python' and name 'ros2_demo_py'
[0.587s] Level 1:colcon.colcon_core.package_discovery:discover_packages(recursive) using defaults
[0.597s] Level 5:colcon.colcon_core.verb:set package 'ros2_demo_py' build argument 'cmake_args' from command line to 'None'
[0.597s] Level 5:colcon.colcon_core.verb:set package 'ros2_demo_py' build argument 'cmake_target' from command line to 'None'
[0.598s] Level 5:colcon.colcon_core.verb:set package 'ros2_demo_py' build argument 'cmake_target_skip_unavailable' from command line to 'False'
[0.598s] Level 5:colcon.colcon_core.verb:set package 'ros2_demo_py' build argument 'cmake_clean_cache' from command line to 'False'
[0.598s] Level 5:colcon.colcon_core.verb:set package 'ros2_demo_py' build argument 'cmake_clean_first' from command line to 'False'
[0.599s] Level 5:colcon.colcon_core.verb:set package 'ros2_demo_py' build argument 'cmake_force_configure' from command line to 'False'
[0.600s] Level 5:colcon.colcon_core.verb:set package 'ros2_demo_py' build argument 'ament_cmake_args' from command line to 'None'
[0.600s] Level 5:colcon.colcon_core.verb:set package 'ros2_demo_py' build argument 'catkin_cmake_args' from command line to 'None'
[0.600s] Level 5:colcon.colcon_core.verb:set package 'ros2_demo_py' build argument 'catkin_skip_building_tests' from command line to 'False'
[0.600s] DEBUG:colcon.colcon_core.verb:Building package 'ros2_demo_py' with the following arguments: {'ament_cmake_args': None, 'build_base': '/home/luis/Documents/ros2_examples/ros2_demo_py/build/ros2_demo_py', 'catkin_cmake_args': None, 'catkin_skip_building_tests': False, 'cmake_args': None, 'cmake_clean_cache': False, 'cmake_clean_first': False, 'cmake_force_configure': False, 'cmake_target': None, 'cmake_target_skip_unavailable': False, 'install_base': '/home/luis/Documents/ros2_examples/ros2_demo_py/install/ros2_demo_py', 'merge_install': False, 'path': '/home/luis/Documents/ros2_examples/ros2_demo_py', 'symlink_install': True, 'test_result_base': None}
[0.603s] INFO:colcon.colcon_core.executor:Executing jobs using 'parallel' executor
[0.605s] DEBUG:colcon.colcon_parallel_executor.executor.parallel:run_until_complete
[0.606s] INFO:colcon.colcon_ros.task.ament_python.build:Building ROS package in '/home/luis/Documents/ros2_examples/ros2_demo_py' with build type 'ament_python'
[0.606s] Level 1:colcon.colcon_core.shell:create_environment_hook('ros2_demo_py', 'ament_prefix_path')
[0.618s] INFO:colcon.colcon_core.plugin_system:Skipping extension 'colcon_core.shell.bat': Not used on non-Windows systems
[0.619s] INFO:colcon.colcon_core.shell:Creating environment hook '/home/luis/Documents/ros2_examples/ros2_demo_py/install/ros2_demo_py/share/ros2_demo_py/hook/ament_prefix_path.ps1'
[0.622s] INFO:colcon.colcon_core.shell:Creating environment descriptor '/home/luis/Documents/ros2_examples/ros2_demo_py/install/ros2_demo_py/share/ros2_demo_py/hook/ament_prefix_path.dsv'
[0.623s] INFO:colcon.colcon_core.shell:Creating environment hook '/home/luis/Documents/ros2_examples/ros2_demo_py/install/ros2_demo_py/share/ros2_demo_py/hook/ament_prefix_path.sh'
[0.626s] INFO:colcon.colcon_core.shell:Skip shell extension 'powershell' for command environment: Not usable outside of PowerShell
[0.627s] DEBUG:colcon.colcon_core.shell:Skip shell extension 'dsv' for command environment
[0.632s] DEBUG:colcon.colcon_core.shell:Ignoring prefix path '/opt/ros/crystal'
[1.391s] INFO:colcon.colcon_core.task.python.build:Building Python package in '/home/luis/Documents/ros2_examples/ros2_demo_py'
[1.393s] INFO:colcon.colcon_core.shell:Skip shell extension 'powershell' for command environment: Not usable outside of PowerShell
[1.393s] DEBUG:colcon.colcon_core.shell:Skip shell extension 'dsv' for command environment
[1.397s] DEBUG:colcon.colcon_core.shell:Ignoring prefix path '/opt/ros/crystal'
[2.049s] DEBUG:colcon.colcon_core.event_handler.log_command:Invoking command in '/home/luis/Documents/ros2_examples/ros2_demo_py/build/ros2_demo_py': PYTHONPATH=/home/luis/Documents/ros2_examples/ros2_demo_py/install/ros2_demo_py/lib/python3.6/site-packages:${PYTHONPATH} /usr/bin/python3 setup.py develop --prefix /home/luis/Documents/ros2_examples/ros2_demo_py/install/ros2_demo_py --editable --build-directory /home/luis/Documents/ros2_examples/ros2_demo_py/build/ros2_demo_py/build --no-deps install_data --install-dir /home/luis/Documents/ros2_examples/ros2_demo_py/install/ros2_demo_py
[3.271s] Level 1:colcon.colcon_core.shell:create_environment_hook('ros2_demo_py', 'pythonpath_develop')
[3.272s] INFO:colcon.colcon_core.shell:Creating environment hook '/home/luis/Documents/ros2_examples/ros2_demo_py/build/ros2_demo_py/share/ros2_demo_py/hook/pythonpath_develop.ps1'
[3.274s] DEBUG:colcon.colcon_core.event_handler.log_command:Invoked command in '/home/luis/Documents/ros2_examples/ros2_demo_py/build/ros2_demo_py' returned '0': PYTHONPATH=/home/luis/Documents/ros2_examples/ros2_demo_py/install/ros2_demo_py/lib/python3.6/site-packages:${PYTHONPATH} /usr/bin/python3 setup.py develop --prefix /home/luis/Documents/ros2_examples/ros2_demo_py/install/ros2_demo_py --editable --build-directory /home/luis/Documents/ros2_examples/ros2_demo_py/build/ros2_demo_py/build --no-deps install_data --install-dir /home/luis/Documents/ros2_examples/ros2_demo_py/install/ros2_demo_py
[3.275s] INFO:colcon.colcon_core.shell:Creating environment descriptor '/home/luis/Documents/ros2_examples/ros2_demo_py/build/ros2_demo_py/share/ros2_demo_py/hook/pythonpath_develop.dsv'
[3.278s] INFO:colcon.colcon_core.shell:Creating environment hook '/home/luis/Documents/ros2_examples/ros2_demo_py/build/ros2_demo_py/share/ros2_demo_py/hook/pythonpath_develop.sh'
[3.294s] Level 1:colcon.colcon_core.environment:checking '/home/luis/Documents/ros2_examples/ros2_demo_py/install/ros2_demo_py' for CMake module files
[3.300s] Level 1:colcon.colcon_core.environment:checking '/home/luis/Documents/ros2_examples/ros2_demo_py/install/ros2_demo_py' for CMake config files
[3.302s] Level 1:colcon.colcon_core.environment:checking '/home/luis/Documents/ros2_examples/ros2_demo_py/install/ros2_demo_py/lib'
[3.303s] Level 1:colcon.colcon_core.environment:checking '/home/luis/Documents/ros2_examples/ros2_demo_py/install/ros2_demo_py/bin'
[3.303s] Level 1:colcon.colcon_core.environment:checking '/home/luis/Documents/ros2_examples/ros2_demo_py/install/ros2_demo_py/lib/pkgconfig/ros2_demo_py.pc'
[3.303s] Level 1:colcon.colcon_core.environment:checking '/home/luis/Documents/ros2_examples/ros2_demo_py/install/ros2_demo_py/lib/python3.6/site-packages'
[3.303s] Level 1:colcon.colcon_core.shell:create_environment_hook('ros2_demo_py', 'pythonpath')
[3.304s] INFO:colcon.colcon_core.shell:Creating environment hook '/home/luis/Documents/ros2_examples/ros2_demo_py/install/ros2_demo_py/share/ros2_demo_py/hook/pythonpath.ps1'
[3.305s] INFO:colcon.colcon_core.shell:Creating environment descriptor '/home/luis/Documents/ros2_examples/ros2_demo_py/install/ros2_demo_py/share/ros2_demo_py/hook/pythonpath.dsv'
[3.306s] INFO:colcon.colcon_core.shell:Creating environment hook '/home/luis/Documents/ros2_examples/ros2_demo_py/install/ros2_demo_py/share/ros2_demo_py/hook/pythonpath.sh'
[3.307s] Level 1:colcon.colcon_core.environment:create_environment_scripts_only(ros2_demo_py)
[3.308s] INFO:colcon.colcon_core.shell:Creating package script '/home/luis/Documents/ros2_examples/ros2_demo_py/install/ros2_demo_py/share/ros2_demo_py/package.ps1'
[3.310s] INFO:colcon.colcon_core.shell:Creating package descriptor '/home/luis/Documents/ros2_examples/ros2_demo_py/install/ros2_demo_py/share/ros2_demo_py/package.dsv'
[3.311s] INFO:colcon.colcon_core.shell:Creating package script '/home/luis/Documents/ros2_examples/ros2_demo_py/install/ros2_demo_py/share/ros2_demo_py/package.sh'
[3.314s] INFO:colcon.colcon_core.shell:Creating package script '/home/luis/Documents/ros2_examples/ros2_demo_py/install/ros2_demo_py/share/ros2_demo_py/package.bash'
[3.318s] INFO:colcon.colcon_core.shell:Creating package script '/home/luis/Documents/ros2_examples/ros2_demo_py/install/ros2_demo_py/share/ros2_demo_py/package.zsh'
[3.322s] Level 1:colcon.colcon_core.environment:create_file_with_runtime_dependencies(/home/luis/Documents/ros2_examples/ros2_demo_py/install/ros2_demo_py/share/colcon-core/packages/ros2_demo_py)
[3.323s] DEBUG:colcon.colcon_parallel_executor.executor.parallel:closing loop
[3.324s] DEBUG:colcon.colcon_parallel_executor.executor.parallel:loop closed
[3.324s] DEBUG:colcon.colcon_parallel_executor.executor.parallel:run_until_complete finished with '0'
[3.324s] DEBUG:colcon.colcon_core.event_reactor:joining thread
[3.359s] INFO:colcon.colcon_core.plugin_system:Skipping extension 'colcon_notification.desktop_notification.terminal_notifier': Not used on non-Darwin systems
[3.359s] INFO:colcon.colcon_core.plugin_system:Skipping extension 'colcon_notification.desktop_notification.win32': Not used on non-Windows systems
[3.359s] INFO:colcon.colcon_notification.desktop_notification:Sending desktop notification using 'notify2'
[3.370s] DEBUG:colcon.colcon_core.event_reactor:joined thread
[3.372s] INFO:colcon.colcon_core.shell:Creating prefix script '/home/luis/Documents/ros2_examples/ros2_demo_py/install/local_setup.ps1'
[3.374s] INFO:colcon.colcon_core.shell:Creating prefix util module '/home/luis/Documents/ros2_examples/ros2_demo_py/install/_local_setup_util_ps1.py'
[3.378s] INFO:colcon.colcon_core.shell:Creating prefix chain script '/home/luis/Documents/ros2_examples/ros2_demo_py/install/setup.ps1'
[3.389s] INFO:colcon.colcon_core.shell:Creating prefix script '/home/luis/Documents/ros2_examples/ros2_demo_py/install/local_setup.sh'
[3.390s] INFO:colcon.colcon_core.shell:Creating prefix util module '/home/luis/Documents/ros2_examples/ros2_demo_py/install/_local_setup_util_sh.py'
[3.392s] INFO:colcon.colcon_core.shell:Creating prefix chain script '/home/luis/Documents/ros2_examples/ros2_demo_py/install/setup.sh'
[3.458s] INFO:colcon.colcon_core.shell:Creating prefix script '/home/luis/Documents/ros2_examples/ros2_demo_py/install/local_setup.bash'
[3.460s] INFO:colcon.colcon_core.shell:Creating prefix chain script '/home/luis/Documents/ros2_examples/ros2_demo_py/install/setup.bash'
[3.472s] INFO:colcon.colcon_core.shell:Creating prefix script '/home/luis/Documents/ros2_examples/ros2_demo_py/install/local_setup.zsh'
[3.474s] INFO:colcon.colcon_core.shell:Creating prefix chain script '/home/luis/Documents/ros2_examples/ros2_demo_py/install/setup.zsh'
