[0.327s] DEBUG:colcon:Command line arguments: ['/usr/bin/colcon', 'build', '--symlink-install']
[0.327s] DEBUG:colcon:Parsed command line arguments: Namespace(ament_cmake_args=None, base_paths='.', build_base='build', catkin_cmake_args=None, catkin_skip_building_tests=False, cmake_args=None, cmake_clean_cache=False, cmake_clean_first=False, cmake_force_configure=False, cmake_target=None, cmake_target_skip_unavailable=False, continue_on_error=False, event_handlers=None, executor='parallel', ignore_user_meta=False, install_base='install', log_base='log', log_level=None, main=<bound method BuildVerb.main of <colcon_core.verb.build.BuildVerb object at 0x7fb152e15978>>, merge_install=False, metas='./colcon.meta', packages_above=None, packages_above_depth=None, packages_end=None, packages_ignore=None, packages_ignore_regex=None, packages_select=None, packages_select_build_failed=False, packages_select_by_dep=None, packages_select_regex=None, packages_select_test_failures=False, packages_skip=None, packages_skip_build_finished=False, packages_skip_by_dep=None, packages_skip_regex=None, packages_skip_test_passed=False, packages_skip_up_to=None, packages_start=None, packages_up_to=None, parallel_workers=2, paths=None, symlink_install=True, test_result_base=None, verb_extension=<colcon_core.verb.build.BuildVerb object at 0x7fb152e15978>, verb_name='build', verb_parser=<colcon_defaults.argument_parser.defaults.DefaultArgumentsDecorator object at 0x7fb152e15c88>)
[0.420s] Level 1:colcon.colcon_core.package_discovery:discover_packages(colcon_meta) check parameters
[0.421s] Level 1:colcon.colcon_core.package_discovery:discover_packages(recursive) check parameters
[0.421s] Level 1:colcon.colcon_core.package_discovery:discover_packages(ignore) check parameters
[0.421s] Level 1:colcon.colcon_core.package_discovery:discover_packages(path) check parameters
[0.421s] Level 1:colcon.colcon_core.package_discovery:discover_packages(recursive) discover
[0.422s] INFO:colcon.colcon_core.package_discovery:Crawling recursively for packages in '/home/luis/Documents/ros2_examples/ros2_demo_py'
[0.422s] Level 1:colcon.colcon_core.package_identification:_identify(/home/luis/Documents/ros2_examples/ros2_demo_py) by extensions ['ignore', 'ignore_ament_install']
[0.423s] Level 1:colcon.colcon_core.package_identification:_identify(/home/luis/Documents/ros2_examples/ros2_demo_py) by extension 'ignore'
[0.423s] Level 1:colcon.colcon_core.package_identification:_identify(/home/luis/Documents/ros2_examples/ros2_demo_py) by extension 'ignore_ament_install'
[0.423s] Level 1:colcon.colcon_core.package_identification:_identify(/home/luis/Documents/ros2_examples/ros2_demo_py) by extensions ['colcon_pkg']
[0.423s] Level 1:colcon.colcon_core.package_identification:_identify(/home/luis/Documents/ros2_examples/ros2_demo_py) by extension 'colcon_pkg'
[0.423s] Level 1:colcon.colcon_core.package_identification:_identify(/home/luis/Documents/ros2_examples/ros2_demo_py) by extensions ['colcon_meta']
[0.423s] Level 1:colcon.colcon_core.package_identification:_identify(/home/luis/Documents/ros2_examples/ros2_demo_py) by extension 'colcon_meta'
[0.424s] Level 1:colcon.colcon_core.package_identification:_identify(/home/luis/Documents/ros2_examples/ros2_demo_py) by extensions ['ros']
[0.424s] Level 1:colcon.colcon_core.package_identification:_identify(/home/luis/Documents/ros2_examples/ros2_demo_py) by extension 'ros'
[0.461s] DEBUG:colcon.colcon_core.package_identification:Package '/home/luis/Documents/ros2_examples/ros2_demo_py' with type 'ros.ament_python' and name 'ros2_demo_py'
[0.462s] Level 1:colcon.colcon_core.package_discovery:discover_packages(recursive) using defaults
[0.472s] Level 5:colcon.colcon_core.verb:set package 'ros2_demo_py' build argument 'cmake_args' from command line to 'None'
[0.473s] Level 5:colcon.colcon_core.verb:set package 'ros2_demo_py' build argument 'cmake_target' from command line to 'None'
[0.473s] Level 5:colcon.colcon_core.verb:set package 'ros2_demo_py' build argument 'cmake_target_skip_unavailable' from command line to 'False'
[0.473s] Level 5:colcon.colcon_core.verb:set package 'ros2_demo_py' build argument 'cmake_clean_cache' from command line to 'False'
[0.473s] Level 5:colcon.colcon_core.verb:set package 'ros2_demo_py' build argument 'cmake_clean_first' from command line to 'False'
[0.473s] Level 5:colcon.colcon_core.verb:set package 'ros2_demo_py' build argument 'cmake_force_configure' from command line to 'False'
[0.473s] Level 5:colcon.colcon_core.verb:set package 'ros2_demo_py' build argument 'ament_cmake_args' from command line to 'None'
[0.473s] Level 5:colcon.colcon_core.verb:set package 'ros2_demo_py' build argument 'catkin_cmake_args' from command line to 'None'
[0.473s] Level 5:colcon.colcon_core.verb:set package 'ros2_demo_py' build argument 'catkin_skip_building_tests' from command line to 'False'
[0.473s] DEBUG:colcon.colcon_core.verb:Building package 'ros2_demo_py' with the following arguments: {'ament_cmake_args': None, 'build_base': '/home/luis/Documents/ros2_examples/ros2_demo_py/build/ros2_demo_py', 'catkin_cmake_args': None, 'catkin_skip_building_tests': False, 'cmake_args': None, 'cmake_clean_cache': False, 'cmake_clean_first': False, 'cmake_force_configure': False, 'cmake_target': None, 'cmake_target_skip_unavailable': False, 'install_base': '/home/luis/Documents/ros2_examples/ros2_demo_py/install/ros2_demo_py', 'merge_install': False, 'path': '/home/luis/Documents/ros2_examples/ros2_demo_py', 'symlink_install': True, 'test_result_base': None}
[0.476s] INFO:colcon.colcon_core.executor:Executing jobs using 'parallel' executor
[0.480s] DEBUG:colcon.colcon_parallel_executor.executor.parallel:run_until_complete
[0.480s] INFO:colcon.colcon_ros.task.ament_python.build:Building ROS package in '/home/luis/Documents/ros2_examples/ros2_demo_py' with build type 'ament_python'
[0.480s] Level 1:colcon.colcon_core.shell:create_environment_hook('ros2_demo_py', 'ament_prefix_path')
[0.487s] INFO:colcon.colcon_core.plugin_system:Skipping extension 'colcon_core.shell.bat': Not used on non-Windows systems
[0.488s] INFO:colcon.colcon_core.shell:Creating environment hook '/home/luis/Documents/ros2_examples/ros2_demo_py/install/ros2_demo_py/share/ros2_demo_py/hook/ament_prefix_path.ps1'
[0.491s] INFO:colcon.colcon_core.shell:Creating environment descriptor '/home/luis/Documents/ros2_examples/ros2_demo_py/install/ros2_demo_py/share/ros2_demo_py/hook/ament_prefix_path.dsv'
[0.493s] INFO:colcon.colcon_core.shell:Creating environment hook '/home/luis/Documents/ros2_examples/ros2_demo_py/install/ros2_demo_py/share/ros2_demo_py/hook/ament_prefix_path.sh'
[0.496s] INFO:colcon.colcon_core.shell:Skip shell extension 'powershell' for command environment: Not usable outside of PowerShell
[0.497s] DEBUG:colcon.colcon_core.shell:Skip shell extension 'dsv' for command environment
[0.503s] DEBUG:colcon.colcon_core.shell:Ignoring prefix path '/opt/ros/crystal'
[1.523s] INFO:colcon.colcon_core.task.python.build:Building Python package in '/home/luis/Documents/ros2_examples/ros2_demo_py'
[1.525s] INFO:colcon.colcon_core.shell:Skip shell extension 'powershell' for command environment: Not usable outside of PowerShell
[1.525s] DEBUG:colcon.colcon_core.shell:Skip shell extension 'dsv' for command environment
[1.528s] DEBUG:colcon.colcon_core.shell:Ignoring prefix path '/opt/ros/crystal'
[2.204s] DEBUG:colcon.colcon_core.event_handler.log_command:Invoking command in '/home/luis/Documents/ros2_examples/ros2_demo_py/build/ros2_demo_py': PYTHONPATH=/home/luis/Documents/ros2_examples/ros2_demo_py/install/ros2_demo_py/lib/python3.6/site-packages:${PYTHONPATH} /usr/bin/python3 setup.py develop --prefix /home/luis/Documents/ros2_examples/ros2_demo_py/install/ros2_demo_py --editable --build-directory /home/luis/Documents/ros2_examples/ros2_demo_py/build/ros2_demo_py/build --no-deps install_data --install-dir /home/luis/Documents/ros2_examples/ros2_demo_py/install/ros2_demo_py
[3.424s] Level 1:colcon.colcon_core.shell:create_environment_hook('ros2_demo_py', 'pythonpath_develop')
[3.426s] INFO:colcon.colcon_core.shell:Creating environment hook '/home/luis/Documents/ros2_examples/ros2_demo_py/build/ros2_demo_py/share/ros2_demo_py/hook/pythonpath_develop.ps1'
[3.425s] DEBUG:colcon.colcon_core.event_handler.log_command:Invoked command in '/home/luis/Documents/ros2_examples/ros2_demo_py/build/ros2_demo_py' returned '0': PYTHONPATH=/home/luis/Documents/ros2_examples/ros2_demo_py/install/ros2_demo_py/lib/python3.6/site-packages:${PYTHONPATH} /usr/bin/python3 setup.py develop --prefix /home/luis/Documents/ros2_examples/ros2_demo_py/install/ros2_demo_py --editable --build-directory /home/luis/Documents/ros2_examples/ros2_demo_py/build/ros2_demo_py/build --no-deps install_data --install-dir /home/luis/Documents/ros2_examples/ros2_demo_py/install/ros2_demo_py
[3.428s] INFO:colcon.colcon_core.shell:Creating environment descriptor '/home/luis/Documents/ros2_examples/ros2_demo_py/build/ros2_demo_py/share/ros2_demo_py/hook/pythonpath_develop.dsv'
[3.429s] INFO:colcon.colcon_core.shell:Creating environment hook '/home/luis/Documents/ros2_examples/ros2_demo_py/build/ros2_demo_py/share/ros2_demo_py/hook/pythonpath_develop.sh'
[3.436s] Level 1:colcon.colcon_core.environment:checking '/home/luis/Documents/ros2_examples/ros2_demo_py/install/ros2_demo_py' for CMake module files
[3.437s] Level 1:colcon.colcon_core.environment:checking '/home/luis/Documents/ros2_examples/ros2_demo_py/install/ros2_demo_py' for CMake config files
[3.440s] Level 1:colcon.colcon_core.environment:checking '/home/luis/Documents/ros2_examples/ros2_demo_py/install/ros2_demo_py/lib'
[3.441s] Level 1:colcon.colcon_core.environment:checking '/home/luis/Documents/ros2_examples/ros2_demo_py/install/ros2_demo_py/bin'
[3.441s] Level 1:colcon.colcon_core.environment:checking '/home/luis/Documents/ros2_examples/ros2_demo_py/install/ros2_demo_py/lib/pkgconfig/ros2_demo_py.pc'
[3.441s] Level 1:colcon.colcon_core.environment:checking '/home/luis/Documents/ros2_examples/ros2_demo_py/install/ros2_demo_py/lib/python3.6/site-packages'
[3.441s] Level 1:colcon.colcon_core.shell:create_environment_hook('ros2_demo_py', 'pythonpath')
[3.443s] INFO:colcon.colcon_core.shell:Creating environment hook '/home/luis/Documents/ros2_examples/ros2_demo_py/install/ros2_demo_py/share/ros2_demo_py/hook/pythonpath.ps1'
[3.444s] INFO:colcon.colcon_core.shell:Creating environment descriptor '/home/luis/Documents/ros2_examples/ros2_demo_py/install/ros2_demo_py/share/ros2_demo_py/hook/pythonpath.dsv'
[3.444s] INFO:colcon.colcon_core.shell:Creating environment hook '/home/luis/Documents/ros2_examples/ros2_demo_py/install/ros2_demo_py/share/ros2_demo_py/hook/pythonpath.sh'
[3.446s] Level 1:colcon.colcon_core.environment:create_environment_scripts_only(ros2_demo_py)
[3.447s] INFO:colcon.colcon_core.shell:Creating package script '/home/luis/Documents/ros2_examples/ros2_demo_py/install/ros2_demo_py/share/ros2_demo_py/package.ps1'
[3.450s] INFO:colcon.colcon_core.shell:Creating package descriptor '/home/luis/Documents/ros2_examples/ros2_demo_py/install/ros2_demo_py/share/ros2_demo_py/package.dsv'
[3.452s] INFO:colcon.colcon_core.shell:Creating package script '/home/luis/Documents/ros2_examples/ros2_demo_py/install/ros2_demo_py/share/ros2_demo_py/package.sh'
[3.454s] INFO:colcon.colcon_core.shell:Creating package script '/home/luis/Documents/ros2_examples/ros2_demo_py/install/ros2_demo_py/share/ros2_demo_py/package.bash'
[3.456s] INFO:colcon.colcon_core.shell:Creating package script '/home/luis/Documents/ros2_examples/ros2_demo_py/install/ros2_demo_py/share/ros2_demo_py/package.zsh'
[3.458s] Level 1:colcon.colcon_core.environment:create_file_with_runtime_dependencies(/home/luis/Documents/ros2_examples/ros2_demo_py/install/ros2_demo_py/share/colcon-core/packages/ros2_demo_py)
[3.462s] DEBUG:colcon.colcon_parallel_executor.executor.parallel:closing loop
[3.464s] DEBUG:colcon.colcon_parallel_executor.executor.parallel:loop closed
[3.464s] DEBUG:colcon.colcon_parallel_executor.executor.parallel:run_until_complete finished with '0'
[3.464s] DEBUG:colcon.colcon_core.event_reactor:joining thread
[3.494s] INFO:colcon.colcon_core.plugin_system:Skipping extension 'colcon_notification.desktop_notification.terminal_notifier': Not used on non-Darwin systems
[3.494s] INFO:colcon.colcon_core.plugin_system:Skipping extension 'colcon_notification.desktop_notification.win32': Not used on non-Windows systems
[3.495s] INFO:colcon.colcon_notification.desktop_notification:Sending desktop notification using 'notify2'
[3.508s] DEBUG:colcon.colcon_core.event_reactor:joined thread
[3.510s] INFO:colcon.colcon_core.shell:Creating prefix script '/home/luis/Documents/ros2_examples/ros2_demo_py/install/local_setup.ps1'
[3.515s] INFO:colcon.colcon_core.shell:Creating prefix util module '/home/luis/Documents/ros2_examples/ros2_demo_py/install/_local_setup_util_ps1.py'
[3.520s] INFO:colcon.colcon_core.shell:Creating prefix chain script '/home/luis/Documents/ros2_examples/ros2_demo_py/install/setup.ps1'
[3.531s] INFO:colcon.colcon_core.shell:Creating prefix script '/home/luis/Documents/ros2_examples/ros2_demo_py/install/local_setup.sh'
[3.533s] INFO:colcon.colcon_core.shell:Creating prefix util module '/home/luis/Documents/ros2_examples/ros2_demo_py/install/_local_setup_util_sh.py'
[3.535s] INFO:colcon.colcon_core.shell:Creating prefix chain script '/home/luis/Documents/ros2_examples/ros2_demo_py/install/setup.sh'
[3.594s] INFO:colcon.colcon_core.shell:Creating prefix script '/home/luis/Documents/ros2_examples/ros2_demo_py/install/local_setup.bash'
[3.596s] INFO:colcon.colcon_core.shell:Creating prefix chain script '/home/luis/Documents/ros2_examples/ros2_demo_py/install/setup.bash'
[3.603s] INFO:colcon.colcon_core.shell:Creating prefix script '/home/luis/Documents/ros2_examples/ros2_demo_py/install/local_setup.zsh'
[3.606s] INFO:colcon.colcon_core.shell:Creating prefix chain script '/home/luis/Documents/ros2_examples/ros2_demo_py/install/setup.zsh'
