Invoking command in '/home/luis/Documents/script_example/test/ros2_demo_py/ros2_demo_py/build/ros2_demo_py': PYTHONPATH=/home/luis/Documents/script_example/test/ros2_demo_py/ros2_demo_py/install/ros2_demo_py/lib/python3.6/site-packages:${PYTHONPATH} /usr/bin/python3 setup.py develop --prefix /home/luis/Documents/script_example/test/ros2_demo_py/ros2_demo_py/install/ros2_demo_py --editable --build-directory /home/luis/Documents/script_example/test/ros2_demo_py/ros2_demo_py/build/ros2_demo_py/build --no-deps install_data --install-dir /home/luis/Documents/script_example/test/ros2_demo_py/ros2_demo_py/install/ros2_demo_py
running develop
running egg_info
creating ros2_demo_py.egg-info
writing ros2_demo_py.egg-info/PKG-INFO
writing dependency_links to ros2_demo_py.egg-info/dependency_links.txt
writing entry points to ros2_demo_py.egg-info/entry_points.txt
writing requirements to ros2_demo_py.egg-info/requires.txt
writing top-level names to ros2_demo_py.egg-info/top_level.txt
writing manifest file 'ros2_demo_py.egg-info/SOURCES.txt'
reading manifest file 'ros2_demo_py.egg-info/SOURCES.txt'
writing manifest file 'ros2_demo_py.egg-info/SOURCES.txt'
running build_ext
Creating /home/luis/Documents/script_example/test/ros2_demo_py/ros2_demo_py/install/ros2_demo_py/lib/python3.6/site-packages/site.py
Creating /home/luis/Documents/script_example/test/ros2_demo_py/ros2_demo_py/install/ros2_demo_py/lib/python3.6/site-packages/ros2-demo-py.egg-link (link to .)
Installing demo script to /home/luis/Documents/script_example/test/ros2_demo_py/ros2_demo_py/install/ros2_demo_py/lib/ros2_demo_py

Installed /home/luis/Documents/script_example/test/ros2_demo_py/ros2_demo_py/build/ros2_demo_py
running install_data
creating /home/luis/Documents/script_example/test/ros2_demo_py/ros2_demo_py/install/ros2_demo_py/share/ament_index
creating /home/luis/Documents/script_example/test/ros2_demo_py/ros2_demo_py/install/ros2_demo_py/share/ament_index/resource_index
creating /home/luis/Documents/script_example/test/ros2_demo_py/ros2_demo_py/install/ros2_demo_py/share/ament_index/resource_index/packages
copying resource/ros2_demo_py -> /home/luis/Documents/script_example/test/ros2_demo_py/ros2_demo_py/install/ros2_demo_py/share/ament_index/resource_index/packages
copying package.xml -> /home/luis/Documents/script_example/test/ros2_demo_py/ros2_demo_py/install/ros2_demo_py/share/ros2_demo_py
Invoked command in '/home/luis/Documents/script_example/test/ros2_demo_py/ros2_demo_py/build/ros2_demo_py' returned '0': PYTHONPATH=/home/luis/Documents/script_example/test/ros2_demo_py/ros2_demo_py/install/ros2_demo_py/lib/python3.6/site-packages:${PYTHONPATH} /usr/bin/python3 setup.py develop --prefix /home/luis/Documents/script_example/test/ros2_demo_py/ros2_demo_py/install/ros2_demo_py --editable --build-directory /home/luis/Documents/script_example/test/ros2_demo_py/ros2_demo_py/build/ros2_demo_py/build --no-deps install_data --install-dir /home/luis/Documents/script_example/test/ros2_demo_py/ros2_demo_py/install/ros2_demo_py
