[1.322s] DEBUG:colcon:Command line arguments: ['/usr/bin/colcon', 'build', '--symlink-install']
[1.322s] DEBUG:colcon:Parsed command line arguments: Namespace(ament_cmake_args=None, base_paths='.', build_base='build', catkin_cmake_args=None, catkin_skip_building_tests=False, cmake_args=None, cmake_clean_cache=False, cmake_clean_first=False, cmake_force_configure=False, cmake_target=None, cmake_target_skip_unavailable=False, continue_on_error=False, event_handlers=None, executor='parallel', ignore_user_meta=False, install_base='install', log_base='log', log_level=None, main=<bound method BuildVerb.main of <colcon_core.verb.build.BuildVerb object at 0x7f604ea67940>>, merge_install=False, metas='./colcon.meta', packages_above=None, packages_above_depth=None, packages_end=None, packages_ignore=None, packages_ignore_regex=None, packages_select=None, packages_select_build_failed=False, packages_select_by_dep=None, packages_select_regex=None, packages_select_test_failures=False, packages_skip=None, packages_skip_build_finished=False, packages_skip_by_dep=None, packages_skip_regex=None, packages_skip_test_passed=False, packages_skip_up_to=None, packages_start=None, packages_up_to=None, parallel_workers=2, paths=None, symlink_install=True, test_result_base=None, verb_extension=<colcon_core.verb.build.BuildVerb object at 0x7f604ea67940>, verb_name='build', verb_parser=<colcon_defaults.argument_parser.defaults.DefaultArgumentsDecorator object at 0x7f604ea67c88>)
[1.973s] Level 1:colcon.colcon_core.package_discovery:discover_packages(colcon_meta) check parameters
[1.974s] Level 1:colcon.colcon_core.package_discovery:discover_packages(recursive) check parameters
[1.974s] Level 1:colcon.colcon_core.package_discovery:discover_packages(ignore) check parameters
[1.974s] Level 1:colcon.colcon_core.package_discovery:discover_packages(path) check parameters
[1.974s] Level 1:colcon.colcon_core.package_discovery:discover_packages(recursive) discover
[1.975s] INFO:colcon.colcon_core.package_discovery:Crawling recursively for packages in '/home/user/ros2_demo_py'
[1.975s] Level 1:colcon.colcon_core.package_identification:_identify(/home/user/ros2_demo_py) by extensions ['ignore', 'ignore_ament_install']
[1.975s] Level 1:colcon.colcon_core.package_identification:_identify(/home/user/ros2_demo_py) by extension 'ignore'
[1.975s] Level 1:colcon.colcon_core.package_identification:_identify(/home/user/ros2_demo_py) by extension 'ignore_ament_install'
[1.976s] Level 1:colcon.colcon_core.package_identification:_identify(/home/user/ros2_demo_py) by extensions ['colcon_pkg']
[1.976s] Level 1:colcon.colcon_core.package_identification:_identify(/home/user/ros2_demo_py) by extension 'colcon_pkg'
[1.976s] Level 1:colcon.colcon_core.package_identification:_identify(/home/user/ros2_demo_py) by extensions ['colcon_meta']
[1.976s] Level 1:colcon.colcon_core.package_identification:_identify(/home/user/ros2_demo_py) by extension 'colcon_meta'
[1.976s] Level 1:colcon.colcon_core.package_identification:_identify(/home/user/ros2_demo_py) by extensions ['ros']
[1.976s] Level 1:colcon.colcon_core.package_identification:_identify(/home/user/ros2_demo_py) by extension 'ros'
[1.996s] DEBUG:colcon.colcon_core.package_identification:Package '/home/user/ros2_demo_py' with type 'ros.ament_python' and name 'ros2_demo_py'
[1.996s] Level 1:colcon.colcon_core.package_discovery:discover_packages(recursive) using defaults
[2.005s] Level 5:colcon.colcon_core.verb:set package 'ros2_demo_py' build argument 'cmake_args' from command line to 'None'
[2.005s] Level 5:colcon.colcon_core.verb:set package 'ros2_demo_py' build argument 'cmake_target' from command line to 'None'
[2.005s] Level 5:colcon.colcon_core.verb:set package 'ros2_demo_py' build argument 'cmake_target_skip_unavailable' from command line to 'False'
[2.005s] Level 5:colcon.colcon_core.verb:set package 'ros2_demo_py' build argument 'cmake_clean_cache' from command line to 'False'
[2.005s] Level 5:colcon.colcon_core.verb:set package 'ros2_demo_py' build argument 'cmake_clean_first' from command line to 'False'
[2.005s] Level 5:colcon.colcon_core.verb:set package 'ros2_demo_py' build argument 'cmake_force_configure' from command line to 'False'
[2.005s] Level 5:colcon.colcon_core.verb:set package 'ros2_demo_py' build argument 'ament_cmake_args' from command line to 'None'
[2.006s] Level 5:colcon.colcon_core.verb:set package 'ros2_demo_py' build argument 'catkin_cmake_args' from command line to 'None'
[2.006s] Level 5:colcon.colcon_core.verb:set package 'ros2_demo_py' build argument 'catkin_skip_building_tests' from command line to 'False'
[2.006s] DEBUG:colcon.colcon_core.verb:Building package 'ros2_demo_py' with the following arguments: {'ament_cmake_args': None, 'build_base': '/home/user/ros2_demo_py/build/ros2_demo_py', 'catkin_cmake_args': None, 'catkin_skip_building_tests': False, 'cmake_args': None, 'cmake_clean_cache': False, 'cmake_clean_first': False, 'cmake_force_configure': False, 'cmake_target': None, 'cmake_target_skip_unavailable': False, 'install_base': '/home/user/ros2_demo_py/install/ros2_demo_py', 'merge_install': False, 'path': '/home/user/ros2_demo_py', 'symlink_install': True, 'test_result_base': None}
[2.007s] INFO:colcon.colcon_core.executor:Executing jobs using 'parallel' executor
[2.008s] DEBUG:colcon.colcon_parallel_executor.executor.parallel:run_until_complete
[2.009s] INFO:colcon.colcon_ros.task.ament_python.build:Building ROS package in '/home/user/ros2_demo_py' with build type 'ament_python'
[2.009s] Level 1:colcon.colcon_core.shell:create_environment_hook('ros2_demo_py', 'ament_prefix_path')
[2.025s] INFO:colcon.colcon_core.plugin_system:Skipping extension 'colcon_core.shell.bat': Not used on non-Windows systems
[2.025s] INFO:colcon.colcon_core.shell:Creating environment hook '/home/user/ros2_demo_py/install/ros2_demo_py/share/ros2_demo_py/hook/ament_prefix_path.ps1'
[2.027s] INFO:colcon.colcon_core.shell:Creating environment descriptor '/home/user/ros2_demo_py/install/ros2_demo_py/share/ros2_demo_py/hook/ament_prefix_path.dsv'
[2.029s] INFO:colcon.colcon_core.shell:Creating environment hook '/home/user/ros2_demo_py/install/ros2_demo_py/share/ros2_demo_py/hook/ament_prefix_path.sh'
[2.030s] INFO:colcon.colcon_core.shell:Skip shell extension 'powershell' for command environment: Not usable outside of PowerShell
[2.031s] DEBUG:colcon.colcon_core.shell:Skip shell extension 'dsv' for command environment
[2.036s] DEBUG:colcon.colcon_core.shell:Ignoring prefix path '/opt/ros/crystal'
[2.036s] DEBUG:colcon.colcon_core.shell:Ignoring prefix path '/home/user/simulation_ws/devel'
[2.036s] DEBUG:colcon.colcon_core.shell:Ignoring prefix path '/home/simulations/public_sim_ws/devel'
[2.036s] DEBUG:colcon.colcon_core.shell:Ignoring prefix path '/opt/ros/melodic'
[2.330s] INFO:colcon.colcon_core.task.python.build:Building Python package in '/home/user/ros2_demo_py'
[2.331s] INFO:colcon.colcon_core.shell:Skip shell extension 'powershell' for command environment: Not usable outside of PowerShell
[2.331s] DEBUG:colcon.colcon_core.shell:Skip shell extension 'dsv' for command environment
[2.333s] DEBUG:colcon.colcon_core.shell:Ignoring prefix path '/opt/ros/crystal'
[2.333s] DEBUG:colcon.colcon_core.shell:Ignoring prefix path '/home/user/simulation_ws/devel'
[2.333s] DEBUG:colcon.colcon_core.shell:Ignoring prefix path '/home/simulations/public_sim_ws/devel'
[2.333s] DEBUG:colcon.colcon_core.shell:Ignoring prefix path '/opt/ros/melodic'
[2.634s] DEBUG:colcon.colcon_core.event_handler.log_command:Invoking command in '/home/user/ros2_demo_py/build/ros2_demo_py': PYTHONPATH=/home/user/ros2_demo_py/install/ros2_demo_py/lib/python3.6/site-packages:${PYTHONPATH} SHLVL=3 _=/usr/bin/env /usr/bin/python3 setup.py develop --prefix /home/user/ros2_demo_py/install/ros2_demo_py --editable --build-directory /home/user/ros2_demo_py/build/ros2_demo_py/build --no-deps install_data --install-dir /home/user/ros2_demo_py/install/ros2_demo_py
[3.747s] Level 1:colcon.colcon_core.shell:create_environment_hook('ros2_demo_py', 'pythonpath_develop')
[3.748s] INFO:colcon.colcon_core.shell:Creating environment hook '/home/user/ros2_demo_py/build/ros2_demo_py/share/ros2_demo_py/hook/pythonpath_develop.ps1'
[3.749s] DEBUG:colcon.colcon_core.event_handler.log_command:Invoked command in '/home/user/ros2_demo_py/build/ros2_demo_py' returned '0': PYTHONPATH=/home/user/ros2_demo_py/install/ros2_demo_py/lib/python3.6/site-packages:${PYTHONPATH} SHLVL=3 _=/usr/bin/env /usr/bin/python3 setup.py develop --prefix /home/user/ros2_demo_py/install/ros2_demo_py --editable --build-directory /home/user/ros2_demo_py/build/ros2_demo_py/build --no-deps install_data --install-dir /home/user/ros2_demo_py/install/ros2_demo_py
[3.750s] INFO:colcon.colcon_core.shell:Creating environment descriptor '/home/user/ros2_demo_py/build/ros2_demo_py/share/ros2_demo_py/hook/pythonpath_develop.dsv'
[3.750s] INFO:colcon.colcon_core.shell:Creating environment hook '/home/user/ros2_demo_py/build/ros2_demo_py/share/ros2_demo_py/hook/pythonpath_develop.sh'
[3.767s] Level 1:colcon.colcon_core.environment:checking '/home/user/ros2_demo_py/install/ros2_demo_py' for CMake module files
[3.768s] Level 1:colcon.colcon_core.environment:checking '/home/user/ros2_demo_py/install/ros2_demo_py' for CMake config files
[3.769s] Level 1:colcon.colcon_core.environment:checking '/home/user/ros2_demo_py/install/ros2_demo_py/lib'
[3.769s] Level 1:colcon.colcon_core.environment:checking '/home/user/ros2_demo_py/install/ros2_demo_py/bin'
[3.769s] Level 1:colcon.colcon_core.environment:checking '/home/user/ros2_demo_py/install/ros2_demo_py/lib/pkgconfig/ros2_demo_py.pc'
[3.769s] Level 1:colcon.colcon_core.environment:checking '/home/user/ros2_demo_py/install/ros2_demo_py/lib/python3.6/site-packages'
[3.770s] Level 1:colcon.colcon_core.shell:create_environment_hook('ros2_demo_py', 'pythonpath')
[3.770s] INFO:colcon.colcon_core.shell:Creating environment hook '/home/user/ros2_demo_py/install/ros2_demo_py/share/ros2_demo_py/hook/pythonpath.ps1'
[3.771s] INFO:colcon.colcon_core.shell:Creating environment descriptor '/home/user/ros2_demo_py/install/ros2_demo_py/share/ros2_demo_py/hook/pythonpath.dsv'
[3.771s] INFO:colcon.colcon_core.shell:Creating environment hook '/home/user/ros2_demo_py/install/ros2_demo_py/share/ros2_demo_py/hook/pythonpath.sh'
[3.772s] Level 1:colcon.colcon_core.environment:create_environment_scripts_only(ros2_demo_py)
[3.773s] INFO:colcon.colcon_core.shell:Creating package script '/home/user/ros2_demo_py/install/ros2_demo_py/share/ros2_demo_py/package.ps1'
[3.775s] INFO:colcon.colcon_core.shell:Creating package descriptor '/home/user/ros2_demo_py/install/ros2_demo_py/share/ros2_demo_py/package.dsv'
[3.776s] INFO:colcon.colcon_core.shell:Creating package script '/home/user/ros2_demo_py/install/ros2_demo_py/share/ros2_demo_py/package.sh'
[3.861s] INFO:colcon.colcon_core.shell:Creating package script '/home/user/ros2_demo_py/install/ros2_demo_py/share/ros2_demo_py/package.bash'
[3.863s] INFO:colcon.colcon_core.shell:Creating package script '/home/user/ros2_demo_py/install/ros2_demo_py/share/ros2_demo_py/package.zsh'
[3.867s] Level 1:colcon.colcon_core.environment:create_file_with_runtime_dependencies(/home/user/ros2_demo_py/install/ros2_demo_py/share/colcon-core/packages/ros2_demo_py)
[3.868s] DEBUG:colcon.colcon_parallel_executor.executor.parallel:closing loop
[3.869s] DEBUG:colcon.colcon_parallel_executor.executor.parallel:loop closed
[3.869s] DEBUG:colcon.colcon_parallel_executor.executor.parallel:run_until_complete finished with '0'
[3.870s] DEBUG:colcon.colcon_core.event_reactor:joining thread
[4.150s] INFO:colcon.colcon_core.plugin_system:Skipping extension 'colcon_notification.desktop_notification.notify_send': Could not find 'notify-send'
[4.150s] INFO:colcon.colcon_core.plugin_system:Skipping extension 'colcon_notification.desktop_notification.terminal_notifier': Not used on non-Darwin systems
[4.151s] INFO:colcon.colcon_core.plugin_system:Skipping extension 'colcon_notification.desktop_notification.win32': Not used on non-Windows systems
[4.151s] INFO:colcon.colcon_notification.desktop_notification:Sending desktop notification using 'notify2'
[4.316s] DEBUG:colcon.colcon_notification.desktop_notification.notify2:Failed to initialize notify2: org.freedesktop.DBus.Error.Spawn.ExecFailed: /usr/bin/dbus-launch terminated abnormally without any error message
[4.316s] DEBUG:colcon.colcon_core.event_reactor:joined thread
[4.318s] INFO:colcon.colcon_core.shell:Creating prefix script '/home/user/ros2_demo_py/install/local_setup.ps1'
[4.322s] INFO:colcon.colcon_core.shell:Creating prefix util module '/home/user/ros2_demo_py/install/_local_setup_util_ps1.py'
[4.325s] INFO:colcon.colcon_core.shell:Creating prefix chain script '/home/user/ros2_demo_py/install/setup.ps1'
[4.332s] INFO:colcon.colcon_core.shell:Creating prefix script '/home/user/ros2_demo_py/install/local_setup.sh'
[4.334s] INFO:colcon.colcon_core.shell:Creating prefix util module '/home/user/ros2_demo_py/install/_local_setup_util_sh.py'
[4.335s] INFO:colcon.colcon_core.shell:Creating prefix chain script '/home/user/ros2_demo_py/install/setup.sh'
[4.340s] INFO:colcon.colcon_core.shell:Creating prefix script '/home/user/ros2_demo_py/install/local_setup.bash'
[4.342s] INFO:colcon.colcon_core.shell:Creating prefix chain script '/home/user/ros2_demo_py/install/setup.bash'
[4.348s] INFO:colcon.colcon_core.shell:Creating prefix script '/home/user/ros2_demo_py/install/local_setup.zsh'
[4.349s] INFO:colcon.colcon_core.shell:Creating prefix chain script '/home/user/ros2_demo_py/install/setup.zsh'
