[0.401s] DEBUG:colcon:Command line arguments: ['/usr/bin/colcon', 'build', '--symlink-install']
[0.401s] DEBUG:colcon:Parsed command line arguments: Namespace(ament_cmake_args=None, base_paths='.', build_base='build', catkin_cmake_args=None, catkin_skip_building_tests=False, cmake_args=None, cmake_clean_cache=False, cmake_clean_first=False, cmake_force_configure=False, cmake_target=None, cmake_target_skip_unavailable=False, continue_on_error=False, event_handlers=None, executor='parallel', ignore_user_meta=False, install_base='install', log_base='log', log_level=None, main=<bound method BuildVerb.main of <colcon_core.verb.build.BuildVerb object at 0x7f9239e63d68>>, merge_install=False, metas='./colcon.meta', packages_above=None, packages_above_depth=None, packages_end=None, packages_ignore=None, packages_ignore_regex=None, packages_select=None, packages_select_build_failed=False, packages_select_by_dep=None, packages_select_regex=None, packages_select_test_failures=False, packages_skip=None, packages_skip_build_finished=False, packages_skip_by_dep=None, packages_skip_regex=None, packages_skip_test_passed=False, packages_skip_up_to=None, packages_start=None, packages_up_to=None, parallel_workers=2, paths=None, symlink_install=True, test_result_base=None, verb_extension=<colcon_core.verb.build.BuildVerb object at 0x7f9239e63d68>, verb_name='build', verb_parser=<colcon_defaults.argument_parser.defaults.DefaultArgumentsDecorator object at 0x7f9239def0b8>)
[0.514s] Level 1:colcon.colcon_core.package_discovery:discover_packages(colcon_meta) check parameters
[0.515s] Level 1:colcon.colcon_core.package_discovery:discover_packages(recursive) check parameters
[0.515s] Level 1:colcon.colcon_core.package_discovery:discover_packages(ignore) check parameters
[0.515s] Level 1:colcon.colcon_core.package_discovery:discover_packages(path) check parameters
[0.515s] Level 1:colcon.colcon_core.package_discovery:discover_packages(recursive) discover
[0.516s] INFO:colcon.colcon_core.package_discovery:Crawling recursively for packages in '/home/luis/Documents/script_example/test/ros2_demo_py'
[0.516s] Level 1:colcon.colcon_core.package_identification:_identify(/home/luis/Documents/script_example/test/ros2_demo_py) by extensions ['ignore', 'ignore_ament_install']
[0.516s] Level 1:colcon.colcon_core.package_identification:_identify(/home/luis/Documents/script_example/test/ros2_demo_py) by extension 'ignore'
[0.517s] Level 1:colcon.colcon_core.package_identification:_identify(/home/luis/Documents/script_example/test/ros2_demo_py) by extension 'ignore_ament_install'
[0.517s] Level 1:colcon.colcon_core.package_identification:_identify(/home/luis/Documents/script_example/test/ros2_demo_py) by extensions ['colcon_pkg']
[0.517s] Level 1:colcon.colcon_core.package_identification:_identify(/home/luis/Documents/script_example/test/ros2_demo_py) by extension 'colcon_pkg'
[0.517s] Level 1:colcon.colcon_core.package_identification:_identify(/home/luis/Documents/script_example/test/ros2_demo_py) by extensions ['colcon_meta']
[0.517s] Level 1:colcon.colcon_core.package_identification:_identify(/home/luis/Documents/script_example/test/ros2_demo_py) by extension 'colcon_meta'
[0.517s] Level 1:colcon.colcon_core.package_identification:_identify(/home/luis/Documents/script_example/test/ros2_demo_py) by extensions ['ros']
[0.518s] Level 1:colcon.colcon_core.package_identification:_identify(/home/luis/Documents/script_example/test/ros2_demo_py) by extension 'ros'
[0.559s] DEBUG:colcon.colcon_core.package_identification:Package '/home/luis/Documents/script_example/test/ros2_demo_py' with type 'ros.ament_python' and name 'ros2_demo_py'
[0.559s] Level 1:colcon.colcon_core.package_discovery:discover_packages(recursive) using defaults
[0.575s] Level 5:colcon.colcon_core.verb:set package 'ros2_demo_py' build argument 'cmake_args' from command line to 'None'
[0.575s] Level 5:colcon.colcon_core.verb:set package 'ros2_demo_py' build argument 'cmake_target' from command line to 'None'
[0.575s] Level 5:colcon.colcon_core.verb:set package 'ros2_demo_py' build argument 'cmake_target_skip_unavailable' from command line to 'False'
[0.575s] Level 5:colcon.colcon_core.verb:set package 'ros2_demo_py' build argument 'cmake_clean_cache' from command line to 'False'
[0.575s] Level 5:colcon.colcon_core.verb:set package 'ros2_demo_py' build argument 'cmake_clean_first' from command line to 'False'
[0.575s] Level 5:colcon.colcon_core.verb:set package 'ros2_demo_py' build argument 'cmake_force_configure' from command line to 'False'
[0.575s] Level 5:colcon.colcon_core.verb:set package 'ros2_demo_py' build argument 'ament_cmake_args' from command line to 'None'
[0.576s] Level 5:colcon.colcon_core.verb:set package 'ros2_demo_py' build argument 'catkin_cmake_args' from command line to 'None'
[0.576s] Level 5:colcon.colcon_core.verb:set package 'ros2_demo_py' build argument 'catkin_skip_building_tests' from command line to 'False'
[0.576s] DEBUG:colcon.colcon_core.verb:Building package 'ros2_demo_py' with the following arguments: {'ament_cmake_args': None, 'build_base': '/home/luis/Documents/script_example/test/ros2_demo_py/build/ros2_demo_py', 'catkin_cmake_args': None, 'catkin_skip_building_tests': False, 'cmake_args': None, 'cmake_clean_cache': False, 'cmake_clean_first': False, 'cmake_force_configure': False, 'cmake_target': None, 'cmake_target_skip_unavailable': False, 'install_base': '/home/luis/Documents/script_example/test/ros2_demo_py/install/ros2_demo_py', 'merge_install': False, 'path': '/home/luis/Documents/script_example/test/ros2_demo_py', 'symlink_install': True, 'test_result_base': None}
[0.579s] INFO:colcon.colcon_core.executor:Executing jobs using 'parallel' executor
[0.581s] DEBUG:colcon.colcon_parallel_executor.executor.parallel:run_until_complete
[0.581s] INFO:colcon.colcon_ros.task.ament_python.build:Building ROS package in '/home/luis/Documents/script_example/test/ros2_demo_py' with build type 'ament_python'
[0.582s] Level 1:colcon.colcon_core.shell:create_environment_hook('ros2_demo_py', 'ament_prefix_path')
[0.596s] INFO:colcon.colcon_core.plugin_system:Skipping extension 'colcon_core.shell.bat': Not used on non-Windows systems
[0.597s] INFO:colcon.colcon_core.shell:Creating environment hook '/home/luis/Documents/script_example/test/ros2_demo_py/install/ros2_demo_py/share/ros2_demo_py/hook/ament_prefix_path.ps1'
[0.599s] INFO:colcon.colcon_core.shell:Creating environment descriptor '/home/luis/Documents/script_example/test/ros2_demo_py/install/ros2_demo_py/share/ros2_demo_py/hook/ament_prefix_path.dsv'
[0.601s] INFO:colcon.colcon_core.shell:Creating environment hook '/home/luis/Documents/script_example/test/ros2_demo_py/install/ros2_demo_py/share/ros2_demo_py/hook/ament_prefix_path.sh'
[0.606s] INFO:colcon.colcon_core.shell:Skip shell extension 'powershell' for command environment: Not usable outside of PowerShell
[0.606s] DEBUG:colcon.colcon_core.shell:Skip shell extension 'dsv' for command environment
[0.616s] DEBUG:colcon.colcon_core.shell:Ignoring prefix path '/opt/ros/crystal'
[1.411s] INFO:colcon.colcon_core.task.python.build:Building Python package in '/home/luis/Documents/script_example/test/ros2_demo_py'
[1.414s] INFO:colcon.colcon_core.shell:Skip shell extension 'powershell' for command environment: Not usable outside of PowerShell
[1.414s] DEBUG:colcon.colcon_core.shell:Skip shell extension 'dsv' for command environment
[1.420s] DEBUG:colcon.colcon_core.shell:Ignoring prefix path '/opt/ros/crystal'
[2.194s] DEBUG:colcon.colcon_core.event_handler.log_command:Invoking command in '/home/luis/Documents/script_example/test/ros2_demo_py/build/ros2_demo_py': PYTHONPATH=/home/luis/Documents/script_example/test/ros2_demo_py/install/ros2_demo_py/lib/python3.6/site-packages:${PYTHONPATH} /usr/bin/python3 setup.py develop --prefix /home/luis/Documents/script_example/test/ros2_demo_py/install/ros2_demo_py --editable --build-directory /home/luis/Documents/script_example/test/ros2_demo_py/build/ros2_demo_py/build --no-deps install_data --install-dir /home/luis/Documents/script_example/test/ros2_demo_py/install/ros2_demo_py
[3.572s] Level 1:colcon.colcon_core.shell:create_environment_hook('ros2_demo_py', 'pythonpath_develop')
[3.576s] INFO:colcon.colcon_core.shell:Creating environment hook '/home/luis/Documents/script_example/test/ros2_demo_py/build/ros2_demo_py/share/ros2_demo_py/hook/pythonpath_develop.ps1'
[3.579s] DEBUG:colcon.colcon_core.event_handler.log_command:Invoked command in '/home/luis/Documents/script_example/test/ros2_demo_py/build/ros2_demo_py' returned '0': PYTHONPATH=/home/luis/Documents/script_example/test/ros2_demo_py/install/ros2_demo_py/lib/python3.6/site-packages:${PYTHONPATH} /usr/bin/python3 setup.py develop --prefix /home/luis/Documents/script_example/test/ros2_demo_py/install/ros2_demo_py --editable --build-directory /home/luis/Documents/script_example/test/ros2_demo_py/build/ros2_demo_py/build --no-deps install_data --install-dir /home/luis/Documents/script_example/test/ros2_demo_py/install/ros2_demo_py
[3.581s] INFO:colcon.colcon_core.shell:Creating environment descriptor '/home/luis/Documents/script_example/test/ros2_demo_py/build/ros2_demo_py/share/ros2_demo_py/hook/pythonpath_develop.dsv'
[3.582s] INFO:colcon.colcon_core.shell:Creating environment hook '/home/luis/Documents/script_example/test/ros2_demo_py/build/ros2_demo_py/share/ros2_demo_py/hook/pythonpath_develop.sh'
[3.595s] Level 1:colcon.colcon_core.environment:checking '/home/luis/Documents/script_example/test/ros2_demo_py/install/ros2_demo_py' for CMake module files
[3.597s] Level 1:colcon.colcon_core.environment:checking '/home/luis/Documents/script_example/test/ros2_demo_py/install/ros2_demo_py' for CMake config files
[3.599s] Level 1:colcon.colcon_core.environment:checking '/home/luis/Documents/script_example/test/ros2_demo_py/install/ros2_demo_py/lib'
[3.600s] Level 1:colcon.colcon_core.environment:checking '/home/luis/Documents/script_example/test/ros2_demo_py/install/ros2_demo_py/bin'
[3.600s] Level 1:colcon.colcon_core.environment:checking '/home/luis/Documents/script_example/test/ros2_demo_py/install/ros2_demo_py/lib/pkgconfig/ros2_demo_py.pc'
[3.601s] Level 1:colcon.colcon_core.environment:checking '/home/luis/Documents/script_example/test/ros2_demo_py/install/ros2_demo_py/lib/python3.6/site-packages'
[3.601s] Level 1:colcon.colcon_core.shell:create_environment_hook('ros2_demo_py', 'pythonpath')
[3.602s] INFO:colcon.colcon_core.shell:Creating environment hook '/home/luis/Documents/script_example/test/ros2_demo_py/install/ros2_demo_py/share/ros2_demo_py/hook/pythonpath.ps1'
[3.605s] INFO:colcon.colcon_core.shell:Creating environment descriptor '/home/luis/Documents/script_example/test/ros2_demo_py/install/ros2_demo_py/share/ros2_demo_py/hook/pythonpath.dsv'
[3.606s] INFO:colcon.colcon_core.shell:Creating environment hook '/home/luis/Documents/script_example/test/ros2_demo_py/install/ros2_demo_py/share/ros2_demo_py/hook/pythonpath.sh'
[3.607s] Level 1:colcon.colcon_core.environment:create_environment_scripts_only(ros2_demo_py)
[3.609s] INFO:colcon.colcon_core.shell:Creating package script '/home/luis/Documents/script_example/test/ros2_demo_py/install/ros2_demo_py/share/ros2_demo_py/package.ps1'
[3.611s] INFO:colcon.colcon_core.shell:Creating package descriptor '/home/luis/Documents/script_example/test/ros2_demo_py/install/ros2_demo_py/share/ros2_demo_py/package.dsv'
[3.613s] INFO:colcon.colcon_core.shell:Creating package script '/home/luis/Documents/script_example/test/ros2_demo_py/install/ros2_demo_py/share/ros2_demo_py/package.sh'
[3.616s] INFO:colcon.colcon_core.shell:Creating package script '/home/luis/Documents/script_example/test/ros2_demo_py/install/ros2_demo_py/share/ros2_demo_py/package.bash'
[3.618s] INFO:colcon.colcon_core.shell:Creating package script '/home/luis/Documents/script_example/test/ros2_demo_py/install/ros2_demo_py/share/ros2_demo_py/package.zsh'
[3.620s] Level 1:colcon.colcon_core.environment:create_file_with_runtime_dependencies(/home/luis/Documents/script_example/test/ros2_demo_py/install/ros2_demo_py/share/colcon-core/packages/ros2_demo_py)
[3.622s] DEBUG:colcon.colcon_parallel_executor.executor.parallel:closing loop
[3.623s] DEBUG:colcon.colcon_parallel_executor.executor.parallel:loop closed
[3.625s] DEBUG:colcon.colcon_parallel_executor.executor.parallel:run_until_complete finished with '0'
[3.625s] DEBUG:colcon.colcon_core.event_reactor:joining thread
[3.650s] INFO:colcon.colcon_core.plugin_system:Skipping extension 'colcon_notification.desktop_notification.terminal_notifier': Not used on non-Darwin systems
[3.650s] INFO:colcon.colcon_core.plugin_system:Skipping extension 'colcon_notification.desktop_notification.win32': Not used on non-Windows systems
[3.650s] INFO:colcon.colcon_notification.desktop_notification:Sending desktop notification using 'notify2'
[3.659s] DEBUG:colcon.colcon_core.event_reactor:joined thread
[3.662s] INFO:colcon.colcon_core.shell:Creating prefix script '/home/luis/Documents/script_example/test/ros2_demo_py/install/local_setup.ps1'
[3.667s] INFO:colcon.colcon_core.shell:Creating prefix util module '/home/luis/Documents/script_example/test/ros2_demo_py/install/_local_setup_util_ps1.py'
[3.699s] INFO:colcon.colcon_core.shell:Creating prefix chain script '/home/luis/Documents/script_example/test/ros2_demo_py/install/setup.ps1'
[3.709s] INFO:colcon.colcon_core.shell:Creating prefix script '/home/luis/Documents/script_example/test/ros2_demo_py/install/local_setup.sh'
[3.712s] INFO:colcon.colcon_core.shell:Creating prefix util module '/home/luis/Documents/script_example/test/ros2_demo_py/install/_local_setup_util_sh.py'
[3.714s] INFO:colcon.colcon_core.shell:Creating prefix chain script '/home/luis/Documents/script_example/test/ros2_demo_py/install/setup.sh'
[3.724s] INFO:colcon.colcon_core.shell:Creating prefix script '/home/luis/Documents/script_example/test/ros2_demo_py/install/local_setup.bash'
[3.726s] INFO:colcon.colcon_core.shell:Creating prefix chain script '/home/luis/Documents/script_example/test/ros2_demo_py/install/setup.bash'
[3.747s] INFO:colcon.colcon_core.shell:Creating prefix script '/home/luis/Documents/script_example/test/ros2_demo_py/install/local_setup.zsh'
[3.749s] INFO:colcon.colcon_core.shell:Creating prefix chain script '/home/luis/Documents/script_example/test/ros2_demo_py/install/setup.zsh'
