[0.148s] DEBUG:colcon:Command line arguments: ['/usr/bin/colcon', 'build', '--symlink-install']
[0.148s] DEBUG:colcon:Parsed command line arguments: Namespace(ament_cmake_args=None, base_paths='.', build_base='build', catkin_cmake_args=None, catkin_skip_building_tests=False, cmake_args=None, cmake_clean_cache=False, cmake_clean_first=False, cmake_force_configure=False, cmake_target=None, cmake_target_skip_unavailable=False, continue_on_error=False, event_handlers=None, executor='parallel', ignore_user_meta=False, install_base='install', log_base='log', log_level=None, main=<bound method BuildVerb.main of <colcon_core.verb.build.BuildVerb object at 0x7f5d49370dd8>>, merge_install=False, metas='./colcon.meta', packages_above=None, packages_above_depth=None, packages_end=None, packages_ignore=None, packages_ignore_regex=None, packages_select=None, packages_select_build_failed=False, packages_select_by_dep=None, packages_select_regex=None, packages_select_test_failures=False, packages_skip=None, packages_skip_build_finished=False, packages_skip_by_dep=None, packages_skip_regex=None, packages_skip_test_passed=False, packages_skip_up_to=None, packages_start=None, packages_up_to=None, parallel_workers=2, paths=None, symlink_install=True, test_result_base=None, verb_extension=<colcon_core.verb.build.BuildVerb object at 0x7f5d49370dd8>, verb_name='build', verb_parser=<colcon_defaults.argument_parser.defaults.DefaultArgumentsDecorator object at 0x7f5d492fd128>)
[0.187s] Level 1:colcon.colcon_core.package_discovery:discover_packages(colcon_meta) check parameters
[0.187s] Level 1:colcon.colcon_core.package_discovery:discover_packages(recursive) check parameters
[0.187s] Level 1:colcon.colcon_core.package_discovery:discover_packages(ignore) check parameters
[0.187s] Level 1:colcon.colcon_core.package_discovery:discover_packages(path) check parameters
[0.187s] Level 1:colcon.colcon_core.package_discovery:discover_packages(recursive) discover
[0.188s] INFO:colcon.colcon_core.package_discovery:Crawling recursively for packages in '/home/luis/Documents/script_example/test/ros2_demo_py/ros2_demo_py'
[0.188s] Level 1:colcon.colcon_core.package_identification:_identify(/home/luis/Documents/script_example/test/ros2_demo_py/ros2_demo_py) by extensions ['ignore', 'ignore_ament_install']
[0.188s] Level 1:colcon.colcon_core.package_identification:_identify(/home/luis/Documents/script_example/test/ros2_demo_py/ros2_demo_py) by extension 'ignore'
[0.188s] Level 1:colcon.colcon_core.package_identification:_identify(/home/luis/Documents/script_example/test/ros2_demo_py/ros2_demo_py) by extension 'ignore_ament_install'
[0.188s] Level 1:colcon.colcon_core.package_identification:_identify(/home/luis/Documents/script_example/test/ros2_demo_py/ros2_demo_py) by extensions ['colcon_pkg']
[0.188s] Level 1:colcon.colcon_core.package_identification:_identify(/home/luis/Documents/script_example/test/ros2_demo_py/ros2_demo_py) by extension 'colcon_pkg'
[0.189s] Level 1:colcon.colcon_core.package_identification:_identify(/home/luis/Documents/script_example/test/ros2_demo_py/ros2_demo_py) by extensions ['colcon_meta']
[0.189s] Level 1:colcon.colcon_core.package_identification:_identify(/home/luis/Documents/script_example/test/ros2_demo_py/ros2_demo_py) by extension 'colcon_meta'
[0.189s] Level 1:colcon.colcon_core.package_identification:_identify(/home/luis/Documents/script_example/test/ros2_demo_py/ros2_demo_py) by extensions ['ros']
[0.189s] Level 1:colcon.colcon_core.package_identification:_identify(/home/luis/Documents/script_example/test/ros2_demo_py/ros2_demo_py) by extension 'ros'
[0.201s] Level 1:colcon.colcon_core.package_identification:_identify(/home/luis/Documents/script_example/test/ros2_demo_py/ros2_demo_py) by extensions ['cmake', 'python']
[0.201s] Level 1:colcon.colcon_core.package_identification:_identify(/home/luis/Documents/script_example/test/ros2_demo_py/ros2_demo_py) by extension 'cmake'
[0.201s] Level 1:colcon.colcon_core.package_identification:_identify(/home/luis/Documents/script_example/test/ros2_demo_py/ros2_demo_py) by extension 'python'
[0.201s] Level 1:colcon.colcon_core.package_identification:_identify(/home/luis/Documents/script_example/test/ros2_demo_py/ros2_demo_py) by extensions ['python_setup_py']
[0.201s] Level 1:colcon.colcon_core.package_identification:_identify(/home/luis/Documents/script_example/test/ros2_demo_py/ros2_demo_py) by extension 'python_setup_py'
[0.201s] Level 1:colcon.colcon_core.package_identification:_identify(/home/luis/Documents/script_example/test/ros2_demo_py/ros2_demo_py/build) by extensions ['ignore', 'ignore_ament_install']
[0.201s] Level 1:colcon.colcon_core.package_identification:_identify(/home/luis/Documents/script_example/test/ros2_demo_py/ros2_demo_py/build) by extension 'ignore'
[0.201s] Level 1:colcon.colcon_core.package_identification:_identify(/home/luis/Documents/script_example/test/ros2_demo_py/ros2_demo_py/build) ignored
[0.202s] Level 1:colcon.colcon_core.package_identification:_identify(/home/luis/Documents/script_example/test/ros2_demo_py/ros2_demo_py/install) by extensions ['ignore', 'ignore_ament_install']
[0.202s] Level 1:colcon.colcon_core.package_identification:_identify(/home/luis/Documents/script_example/test/ros2_demo_py/ros2_demo_py/install) by extension 'ignore'
[0.202s] Level 1:colcon.colcon_core.package_identification:_identify(/home/luis/Documents/script_example/test/ros2_demo_py/ros2_demo_py/install) ignored
[0.202s] Level 1:colcon.colcon_core.package_identification:_identify(/home/luis/Documents/script_example/test/ros2_demo_py/ros2_demo_py/log) by extensions ['ignore', 'ignore_ament_install']
[0.202s] Level 1:colcon.colcon_core.package_identification:_identify(/home/luis/Documents/script_example/test/ros2_demo_py/ros2_demo_py/log) by extension 'ignore'
[0.202s] Level 1:colcon.colcon_core.package_identification:_identify(/home/luis/Documents/script_example/test/ros2_demo_py/ros2_demo_py/log) ignored
[0.202s] Level 1:colcon.colcon_core.package_identification:_identify(/home/luis/Documents/script_example/test/ros2_demo_py/ros2_demo_py/ros2_demo_py) by extensions ['ignore', 'ignore_ament_install']
[0.202s] Level 1:colcon.colcon_core.package_identification:_identify(/home/luis/Documents/script_example/test/ros2_demo_py/ros2_demo_py/ros2_demo_py) by extension 'ignore'
[0.202s] Level 1:colcon.colcon_core.package_identification:_identify(/home/luis/Documents/script_example/test/ros2_demo_py/ros2_demo_py/ros2_demo_py) by extension 'ignore_ament_install'
[0.202s] Level 1:colcon.colcon_core.package_identification:_identify(/home/luis/Documents/script_example/test/ros2_demo_py/ros2_demo_py/ros2_demo_py) by extensions ['colcon_pkg']
[0.203s] Level 1:colcon.colcon_core.package_identification:_identify(/home/luis/Documents/script_example/test/ros2_demo_py/ros2_demo_py/ros2_demo_py) by extension 'colcon_pkg'
[0.203s] Level 1:colcon.colcon_core.package_identification:_identify(/home/luis/Documents/script_example/test/ros2_demo_py/ros2_demo_py/ros2_demo_py) by extensions ['colcon_meta']
[0.203s] Level 1:colcon.colcon_core.package_identification:_identify(/home/luis/Documents/script_example/test/ros2_demo_py/ros2_demo_py/ros2_demo_py) by extension 'colcon_meta'
[0.203s] Level 1:colcon.colcon_core.package_identification:_identify(/home/luis/Documents/script_example/test/ros2_demo_py/ros2_demo_py/ros2_demo_py) by extensions ['ros']
[0.203s] Level 1:colcon.colcon_core.package_identification:_identify(/home/luis/Documents/script_example/test/ros2_demo_py/ros2_demo_py/ros2_demo_py) by extension 'ros'
[0.203s] Level 1:colcon.colcon_core.package_identification:_identify(/home/luis/Documents/script_example/test/ros2_demo_py/ros2_demo_py/ros2_demo_py) by extensions ['cmake', 'python']
[0.203s] Level 1:colcon.colcon_core.package_identification:_identify(/home/luis/Documents/script_example/test/ros2_demo_py/ros2_demo_py/ros2_demo_py) by extension 'cmake'
[0.203s] Level 1:colcon.colcon_core.package_identification:_identify(/home/luis/Documents/script_example/test/ros2_demo_py/ros2_demo_py/ros2_demo_py) by extension 'python'
[0.203s] Level 1:colcon.colcon_core.package_identification:_identify(/home/luis/Documents/script_example/test/ros2_demo_py/ros2_demo_py/ros2_demo_py) by extensions ['python_setup_py']
[0.203s] Level 1:colcon.colcon_core.package_identification:_identify(/home/luis/Documents/script_example/test/ros2_demo_py/ros2_demo_py/ros2_demo_py) by extension 'python_setup_py'
[0.203s] Level 1:colcon.colcon_core.package_identification:_identify(/home/luis/Documents/script_example/test/ros2_demo_py/ros2_demo_py/ros2_demo_py/build) by extensions ['ignore', 'ignore_ament_install']
[0.203s] Level 1:colcon.colcon_core.package_identification:_identify(/home/luis/Documents/script_example/test/ros2_demo_py/ros2_demo_py/ros2_demo_py/build) by extension 'ignore'
[0.203s] Level 1:colcon.colcon_core.package_identification:_identify(/home/luis/Documents/script_example/test/ros2_demo_py/ros2_demo_py/ros2_demo_py/build) ignored
[0.204s] Level 1:colcon.colcon_core.package_identification:_identify(/home/luis/Documents/script_example/test/ros2_demo_py/ros2_demo_py/ros2_demo_py/install) by extensions ['ignore', 'ignore_ament_install']
[0.204s] Level 1:colcon.colcon_core.package_identification:_identify(/home/luis/Documents/script_example/test/ros2_demo_py/ros2_demo_py/ros2_demo_py/install) by extension 'ignore'
[0.204s] Level 1:colcon.colcon_core.package_identification:_identify(/home/luis/Documents/script_example/test/ros2_demo_py/ros2_demo_py/ros2_demo_py/install) ignored
[0.204s] Level 1:colcon.colcon_core.package_identification:_identify(/home/luis/Documents/script_example/test/ros2_demo_py/ros2_demo_py/ros2_demo_py/log) by extensions ['ignore', 'ignore_ament_install']
[0.204s] Level 1:colcon.colcon_core.package_identification:_identify(/home/luis/Documents/script_example/test/ros2_demo_py/ros2_demo_py/ros2_demo_py/log) by extension 'ignore'
[0.204s] Level 1:colcon.colcon_core.package_identification:_identify(/home/luis/Documents/script_example/test/ros2_demo_py/ros2_demo_py/ros2_demo_py/log) ignored
[0.204s] Level 1:colcon.colcon_core.package_discovery:discover_packages(recursive) using defaults
[0.209s] INFO:colcon.colcon_core.executor:Executing jobs using 'parallel' executor
[0.210s] DEBUG:colcon.colcon_parallel_executor.executor.parallel:run_until_complete
[0.210s] DEBUG:colcon.colcon_parallel_executor.executor.parallel:closing loop
[0.210s] DEBUG:colcon.colcon_parallel_executor.executor.parallel:loop closed
[0.210s] DEBUG:colcon.colcon_parallel_executor.executor.parallel:run_until_complete finished with '0'
[0.210s] DEBUG:colcon.colcon_core.event_reactor:joining thread
[0.216s] INFO:colcon.colcon_core.plugin_system:Skipping extension 'colcon_notification.desktop_notification.terminal_notifier': Not used on non-Darwin systems
[0.216s] INFO:colcon.colcon_core.plugin_system:Skipping extension 'colcon_notification.desktop_notification.win32': Not used on non-Windows systems
[0.216s] INFO:colcon.colcon_notification.desktop_notification:Sending desktop notification using 'notify2'
[0.228s] DEBUG:colcon.colcon_core.event_reactor:joined thread
[0.233s] INFO:colcon.colcon_core.plugin_system:Skipping extension 'colcon_core.shell.bat': Not used on non-Windows systems
[0.233s] INFO:colcon.colcon_core.shell:Creating prefix script '/home/luis/Documents/script_example/test/ros2_demo_py/ros2_demo_py/install/local_setup.ps1'
[0.234s] INFO:colcon.colcon_core.shell:Creating prefix util module '/home/luis/Documents/script_example/test/ros2_demo_py/ros2_demo_py/install/_local_setup_util_ps1.py'
[0.235s] INFO:colcon.colcon_core.shell:Creating prefix chain script '/home/luis/Documents/script_example/test/ros2_demo_py/ros2_demo_py/install/setup.ps1'
[0.239s] INFO:colcon.colcon_core.shell:Creating prefix script '/home/luis/Documents/script_example/test/ros2_demo_py/ros2_demo_py/install/local_setup.sh'
[0.239s] INFO:colcon.colcon_core.shell:Creating prefix util module '/home/luis/Documents/script_example/test/ros2_demo_py/ros2_demo_py/install/_local_setup_util_sh.py'
[0.240s] INFO:colcon.colcon_core.shell:Creating prefix chain script '/home/luis/Documents/script_example/test/ros2_demo_py/ros2_demo_py/install/setup.sh'
[0.242s] INFO:colcon.colcon_core.shell:Creating prefix script '/home/luis/Documents/script_example/test/ros2_demo_py/ros2_demo_py/install/local_setup.bash'
[0.243s] INFO:colcon.colcon_core.shell:Creating prefix chain script '/home/luis/Documents/script_example/test/ros2_demo_py/ros2_demo_py/install/setup.bash'
[0.245s] INFO:colcon.colcon_core.shell:Creating prefix script '/home/luis/Documents/script_example/test/ros2_demo_py/ros2_demo_py/install/local_setup.zsh'
[0.246s] INFO:colcon.colcon_core.shell:Creating prefix chain script '/home/luis/Documents/script_example/test/ros2_demo_py/ros2_demo_py/install/setup.zsh'
